<?xml version="1.0" encoding="UTF-8"?>
<testsuite xmlns:xsi="http://www.w3.org/2001/XMLSchema-instance" xsi:noNamespaceSchemaLocation="https://maven.apache.org/surefire/maven-surefire-plugin/xsd/surefire-test-report.xsd" name="com.example.AppTest" time="4.23" tests="2" errors="0" skipped="0" failures="1">
  <properties>
[...]
</properties>
  <testcase name="testContainerRunning" classname="com.example.AppTest" time="3.422">
    <failure message="1 expectation failed.&#10;XML path html.body doesn&apos;t match.&#10;Expected: Welcome to nginx!&#10;  Actual: &lt;Welcome to nginx!If you see this page, the nginx web server is successfully installed and&#10;working. Further configuration is required.nginx.orgnullnginx.comThank you for using nginx.&gt;&#10;" type="java.lang.AssertionError"><![CDATA[java.lang.AssertionError: 
1 expectation failed.
XML path html.body doesn't match.
Expected: Welcome to nginx!
  Actual: <Welcome to nginx!If you see this page, the nginx web server is successfully installed and
working. Further configuration is required.nginx.orgnullnginx.comThank you for using nginx.>

	at com.example.AppTest.testContainerRunning(AppTest.java:28)
]]></failure>
    <system-err><![CDATA[[main] INFO org.testcontainers.dockerclient.DockerClientProviderStrategy - Loaded org.testcontainers.dockerclient.UnixSocketClientProviderStrategy from ~/.testcontainers.properties, will try it first
[main] INFO org.testcontainers.dockerclient.DockerClientProviderStrategy - Found Docker environment with local Unix socket (unix:///var/run/docker.sock)
[main] INFO org.testcontainers.DockerClientFactory - Docker host IP address is localhost
[main] INFO org.testcontainers.DockerClientFactory - Connected to docker: 
  Server Version: 27.2.0
  API Version: 1.47
  Operating System: Ubuntu 20.04.6 LTS
  Total Memory: 15749 MB
[main] INFO org.testcontainers.utility.ImageNameSubstitutor - Image name substitution will be performed by: DefaultImageNameSubstitutor (composite of 'ConfigurationFileImageNameSubstitutor' and 'PrefixingImageNameSubstitutor')
[main] INFO org.testcontainers.utility.RegistryAuthLocator - Failure when attempting to lookup auth config. Please ignore if you don't have images in an authenticated registry. Details: (dockerImageName: testcontainers/ryuk:0.3.1, configFile: /home/nashtech/.docker/config.json. Falling back to docker-java default behaviour. Exception message: /home/nashtech/.docker/config.json (No such file or directory)
[main] INFO org.testcontainers.DockerClientFactory - Ryuk started - will monitor and terminate Testcontainers containers on JVM exit
[main] INFO org.testcontainers.DockerClientFactory - Checking the system...
[main] INFO org.testcontainers.DockerClientFactory - ✔︎ Docker server version should be at least 1.6.0
[main] INFO org.testcontainers.DockerClientFactory - ✔︎ Docker environment should have more than 2GB free disk space
[main] INFO 🐳 [nginx:latest] - Creating container for image: nginx:latest
[main] INFO 🐳 [nginx:latest] - Starting container with ID: a126b9022096638e69611d5edafaafe47dc29182bb40670328a4f5842e57b97e
[main] INFO 🐳 [nginx:latest] - Container nginx:latest is starting: a126b9022096638e69611d5edafaafe47dc29182bb40670328a4f5842e57b97e
[main] INFO 🐳 [nginx:latest] - Container nginx:latest started in PT0.399566S
]]></system-err>
  </testcase>
  <testcase name="testContainerStatusCode" classname="com.example.AppTest" time="0.742"/>
</testsuite>